Arguments: 
  /usr/local/bin/node /Users/thekevinscott/www/UpscalerJS/.yarn/releases/yarn-1.18.0.cjs

PATH: 
  /opt/miniconda3/bin/:/usr/local/bin:/usr/bin:/bin:/usr/sbin:/sbin:/opt/X11/bin:/Library/Apple/usr/bin:/Users/thekevinscott/Documents/google-cloud-sdk/bin

Yarn version: 
  1.18.0

Node version: 
  16.14.0

Platform: 
  darwin x64

Trace: 
  SyntaxError: /Users/thekevinscott/www/UpscalerJS/packages/esrgan/package.json: Unexpected token } in JSON at position 1718
      at JSON.parse (<anonymous>)
      at /Users/thekevinscott/www/UpscalerJS/.yarn/releases/yarn-1.18.0.cjs:1098:57
      at Generator.next (<anonymous>)
      at step (/Users/thekevinscott/www/UpscalerJS/.yarn/releases/yarn-1.18.0.cjs:310:30)
      at /Users/thekevinscott/www/UpscalerJS/.yarn/releases/yarn-1.18.0.cjs:321:13

npm manifest: 
  {
    "name": "@upscalerjs/esrgan",
    "version": "1.0.0",
    "description": "ESRGAN network for upscalerjs",
    "exports": {
      "./legacy-foo": "./dist/legacy-foo"
    },
    "keywords": [
      "image super resolution",
      "image upscaling",
      "image enhancement",
      "tensorflow.js",
      "pretrained models"
    ],
    "files": [
      "license",
      "models/**/*"
    ],
    "author": "Kevin Scott",
    "license": "MIT",
    "scripts": {
  
      "build": "rimraf dist && yarn build:node && yarn build:browser",
      "build:browser": "rimraf dist/browser && mkdir -p dist/browser && yarn scaffold:platform 'browser' && yarn lerna run build:umd && yarn lerna run build:esm && mv dist/esm dist/browser/esm",
      "build:node": "rimraf dist/node && mkdir -p dist/node && yarn scaffold:platform 'node' && yarn build:cjs && mv dist/cjs dist/node/cjs",
      "build:node-gpu": "rimraf dist/node-gpu && mkdir -p dist/node-gpu && yarn scaffold:platform 'node-gpu' && yarn lerna run build:cjs && mv dist/cjs dist/node-gpu/cjs",
      "build:cjs": "tsc -p tsconfig.node.json --module commonjs --target es5 --outDir dist/cjs",
      "build:esm": "tsc -p tsconfig.browser.json --module esnext --moduleResolution node --target esnext --outDir dist/esm",
      "build:umd:tsc": "tsc -p tsconfig.browser.json --moduleResolution node --module es2015 --target es5 --outDir dist/tmp",
      "build:umd:rollup": "yarn rollup -c rollup.config.js --failAfterWarnings",
      "build:umd:generate": "yarn build:umd:tsc && yarn build:umd:rollup",
      "build:umd:compress": "uglifyjs --source-map --comments --output dist/browser/umd/upscaler.min.js -- dist/browser/umd/upscaler.js",
      "build:umd": "yarn build:umd:generate && yarn build:umd:compress && rimraf dist/tmp",
    }
  }

yarn manifest: 
  No manifest

Lockfile: 
  No lockfile
